<?xml version="1.0" encoding="UTF-8"?>
<!-- Generated by org.testng.reporters.JUnitReportReporter -->
<testsuite hostname="LAPTOP-6UPDOU2B" failures="0" tests="1" name="com.hrms.TestScripts.TC101" time="8.585" errors="0" timestamp="2019-11-13T19:41:07 IST" skipped="0">
  <testcase classname="com.hrms.TestScripts.TC101" name="tc101" time="8.585"/>
</testsuite> <!-- com.hrms.TestScripts.TC101 -->
